<?xml version="1.0" encoding="UTF-8"?>
<!-- Generated by org.testng.reporters.JUnitReportReporter -->
<testsuite hostname="DESKTOP-7C911OD" failures="0" tests="1" name="com.nxtgenai.mustdoassignment.RegsiterDemoTestNG" time="1.535" errors="0" timestamp="2025-03-07T15:36:59 IST" skipped="0">
  <testcase classname="com.nxtgenai.mustdoassignment.RegsiterDemoTestNG" name="navigateToRegistrationForDemoPage" time="1.535">
    <system-out>
      <![CDATA[Navigated to register demo page]]>
    </system-out>
  </testcase> <!-- navigateToRegistrationForDemoPage -->
  <system-out>
    <![CDATA[Application is launched
Navigated to register demo page
Application is closed]]>
  </system-out>
</testsuite> <!-- com.nxtgenai.mustdoassignment.RegsiterDemoTestNG -->
